# JRE version: Java(TM) SE Runtime Environment (21.0.8+12) (build 21.0.8+12-LTS-250)
# Java VM: Java HotSpot(TM) 64-Bit Server VM (21.0.8+12-LTS-250, mixed mode, emulated-client, sharing, tiered, compressed oops, compressed class ptrs, g1 gc, windows-amd64)
GC Precious Log:
 CardTable entry size: 512
 Card Set container configuration: InlinePtr #cards 4 size 8 Array Of Cards #cards 32 size 80 Howl #buckets 8 coarsen threshold 7372 Howl Bitmap #cards 1024 size 144 coarsen threshold 921 Card regions per heap region 1 cards per card region 8192
 CPUs: 8 total, 8 available
 Memory: 20259M
 Large Page Support: Disabled
 NUMA Support: Disabled
 Compressed Oops: Enabled (Zero based)
 Heap Region Size: 4M
 Heap Min Capacity: 8M
 Heap Initial Capacity: 320M
 Heap Max Capacity: 5068M
 Pre-touch: Disabled
 Parallel Workers: 8
 Concurrent Workers: 2
 Concurrent Refinement Workers: 8
 Periodic GC: Disabled
Heap:
 garbage-first heap   total 118784K, used 30055K [0x00000006c3400000, 0x0000000800000000)
  region size 4096K, 3 young (12288K), 1 survivors (4096K)
 Metaspace       used 46645K, committed 47296K, reserved 1114112K
  class space    used 6498K, committed 6784K, reserved 1048576K
GC Heap History (16 events):
Event: 1.033 GC heap before
{Heap before GC invocations=0 (full 0):
 garbage-first heap   total 327680K, used 20480K [0x00000006c3400000, 0x0000000800000000)
  region size 4096K, 5 young (20480K), 0 survivors (0K)
 Metaspace       used 5398K, committed 5568K, reserved 1114112K
  class space    used 625K, committed 704K, reserved 1048576K
}
Event: 1.041 GC heap after
{Heap after GC invocations=1 (full 0):
 garbage-first heap   total 327680K, used 8539K [0x00000006c3400000, 0x0000000800000000)
  region size 4096K, 1 young (4096K), 1 survivors (4096K)
 Metaspace       used 5398K, committed 5568K, reserved 1114112K
  class space    used 625K, committed 704K, reserved 1048576K
}
Event: 1.643 GC heap before
{Heap before GC invocations=1 (full 0):
 garbage-first heap   total 327680K, used 16731K [0x00000006c3400000, 0x0000000800000000)
  region size 4096K, 4 young (16384K), 1 survivors (4096K)
 Metaspace       used 8892K, committed 9216K, reserved 1114112K
  class space    used 1107K, committed 1216K, reserved 1048576K
}
Event: 1.650 GC heap after
{Heap after GC invocations=2 (full 0):
 garbage-first heap   total 327680K, used 9938K [0x00000006c3400000, 0x0000000800000000)
  region size 4096K, 1 young (4096K), 1 survivors (4096K)
 Metaspace       used 8892K, committed 9216K, reserved 1114112K
  class space    used 1107K, committed 1216K, reserved 1048576K
}
Event: 3.305 GC heap before
{Heap before GC invocations=2 (full 0):
 garbage-first heap   total 327680K, used 50898K [0x00000006c3400000, 0x0000000800000000)
  region size 4096K, 12 young (49152K), 1 survivors (4096K)
 Metaspace       used 18861K, committed 19392K, reserved 1114112K
  class space    used 2580K, committed 2816K, reserved 1048576K
}
Event: 3.316 GC heap after
{Heap after GC invocations=3 (full 0):
 garbage-first heap   total 327680K, used 13116K [0x00000006c3400000, 0x0000000800000000)
  region size 4096K, 2 young (8192K), 2 survivors (8192K)
 Metaspace       used 18861K, committed 19392K, reserved 1114112K
  class space    used 2580K, committed 2816K, reserved 1048576K
}
Event: 3.588 GC heap before
{Heap before GC invocations=3 (full 0):
 garbage-first heap   total 327680K, used 21308K [0x00000006c3400000, 0x0000000800000000)
  region size 4096K, 5 young (20480K), 2 survivors (8192K)
 Metaspace       used 20218K, committed 20672K, reserved 1114112K
  class space    used 2736K, committed 2944K, reserved 1048576K
}
Event: 3.596 GC heap after
{Heap after GC invocations=4 (full 0):
 garbage-first heap   total 327680K, used 14490K [0x00000006c3400000, 0x0000000800000000)
  region size 4096K, 2 young (8192K), 2 survivors (8192K)
 Metaspace       used 20218K, committed 20672K, reserved 1114112K
  class space    used 2736K, committed 2944K, reserved 1048576K
}
Event: 5.107 GC heap before
{Heap before GC invocations=5 (full 0):
 garbage-first heap   total 98304K, used 63642K [0x00000006c3400000, 0x0000000800000000)
  region size 4096K, 14 young (57344K), 2 survivors (8192K)
 Metaspace       used 26208K, committed 26752K, reserved 1114112K
  class space    used 3565K, committed 3840K, reserved 1048576K
}
Event: 5.121 GC heap after
{Heap after GC invocations=6 (full 0):
 garbage-first heap   total 98304K, used 17821K [0x00000006c3400000, 0x0000000800000000)
  region size 4096K, 2 young (8192K), 2 survivors (8192K)
 Metaspace       used 26208K, committed 26752K, reserved 1114112K
  class space    used 3565K, committed 3840K, reserved 1048576K
}
Event: 6.562 GC heap before
{Heap before GC invocations=6 (full 0):
 garbage-first heap   total 98304K, used 66973K [0x00000006c3400000, 0x0000000800000000)
  region size 4096K, 14 young (57344K), 2 survivors (8192K)
 Metaspace       used 33580K, committed 34240K, reserved 1114112K
  class space    used 4613K, committed 4928K, reserved 1048576K
}
Event: 6.578 GC heap after
{Heap after GC invocations=7 (full 0):
 garbage-first heap   total 98304K, used 21482K [0x00000006c3400000, 0x0000000800000000)
  region size 4096K, 2 young (8192K), 2 survivors (8192K)
 Metaspace       used 33580K, committed 34240K, reserved 1114112K
  class space    used 4613K, committed 4928K, reserved 1048576K
}
Event: 6.846 GC heap before
{Heap before GC invocations=7 (full 0):
 garbage-first heap   total 98304K, used 29674K [0x00000006c3400000, 0x0000000800000000)
  region size 4096K, 5 young (20480K), 2 survivors (8192K)
 Metaspace       used 34556K, committed 35136K, reserved 1114112K
  class space    used 4778K, committed 5056K, reserved 1048576K
}
Event: 6.869 GC heap after
{Heap after GC invocations=8 (full 0):
 garbage-first heap   total 98304K, used 23226K [0x00000006c3400000, 0x0000000800000000)
  region size 4096K, 1 young (4096K), 1 survivors (4096K)
 Metaspace       used 34556K, committed 35136K, reserved 1114112K
  class space    used 4778K, committed 5056K, reserved 1048576K
}
Event: 9.767 GC heap before
{Heap before GC invocations=9 (full 0):
 garbage-first heap   total 98304K, used 72378K [0x00000006c3400000, 0x0000000800000000)
  region size 4096K, 13 young (53248K), 1 survivors (4096K)
 Metaspace       used 45461K, committed 46144K, reserved 1114112K
  class space    used 6301K, committed 6592K, reserved 1048576K
}
Event: 9.781 GC heap after
{Heap after GC invocations=10 (full 0):
 garbage-first heap   total 118784K, used 25959K [0x00000006c3400000, 0x0000000800000000)
  region size 4096K, 1 young (4096K), 1 survivors (4096K)
 Metaspace       used 45461K, committed 46144K, reserved 1114112K
  class space    used 6301K, committed 6592K, reserved 1048576K
}

